<?xml version="1.0" encoding="UTF-8"?>
<coverage generated="1779182418208" clover="3.2.0">
  <project timestamp="1779182418208" name="All files">
    <metrics statements="12" coveredstatements="12" conditionals="8" coveredconditionals="8" methods="4" coveredmethods="4" elements="24" coveredelements="24" complexity="0" loc="12" ncloc="12" packages="1" files="1" classes="1"/>
    <file name="useTasks.js" path="D:\University\6_semestr\IT_Projects\git-task-manager\src\useTasks.js">
      <metrics statements="12" coveredstatements="12" conditionals="8" coveredconditionals="8" methods="4" coveredmethods="4"/>
      <line num="2" count="5" type="stmt"/>
      <line num="3" count="5" type="stmt"/>
      <line num="4" count="5" type="stmt"/>
      <line num="5" count="5" type="stmt"/>
      <line num="6" count="5" type="stmt"/>
      <line num="7" count="5" type="stmt"/>
      <line num="11" count="2" type="cond" truecount="4" falsecount="0"/>
      <line num="12" count="1" type="stmt"/>
      <line num="14" count="1" type="stmt"/>
      <line num="18" count="1" type="stmt"/>
      <line num="19" count="2" type="stmt"/>
      <line num="20" count="2" type="cond" truecount="2" falsecount="0"/>
    </file>
  </project>
</coverage>
