{"D:\\University\\6_semestr\\IT_Projects\\git-task-manager\\src\\useTasks.js": {"path":"D:\\University\\6_semestr\\IT_Projects\\git-task-manager\\src\\useTasks.js","statementMap":{"0":{"start":{"line":2,"column":21},"end":{"line":2,"column":45}},"1":{"start":{"line":3,"column":4},"end":{"line":3,"column":34}},"2":{"start":{"line":4,"column":18},"end":{"line":4,"column":39}},"3":{"start":{"line":5,"column":4},"end":{"line":5,"column":31}},"4":{"start":{"line":6,"column":21},"end":{"line":6,"column":37}},"5":{"start":{"line":7,"column":4},"end":{"line":7,"column":55}},"6":{"start":{"line":11,"column":4},"end":{"line":13,"column":5}},"7":{"start":{"line":12,"column":8},"end":{"line":12,"column":45}},"8":{"start":{"line":14,"column":4},"end":{"line":14,"column":51}},"9":{"start":{"line":18,"column":4},"end":{"line":21,"column":7}},"10":{"start":{"line":19,"column":21},"end":{"line":19,"column":69}},"11":{"start":{"line":20,"column":8},"end":{"line":20,"column":38}}},"fnMap":{"0":{"name":"getDaysUntilDeadline","decl":{"start":{"line":1,"column":16},"end":{"line":1,"column":36}},"loc":{"start":{"line":1,"column":79},"end":{"line":8,"column":1}},"line":1},"1":{"name":"addTask","decl":{"start":{"line":10,"column":16},"end":{"line":10,"column":23}},"loc":{"start":{"line":10,"column":37},"end":{"line":15,"column":1}},"line":10},"2":{"name":"filterHotTasks","decl":{"start":{"line":17,"column":16},"end":{"line":17,"column":30}},"loc":{"start":{"line":17,"column":64},"end":{"line":22,"column":null}},"line":17},"3":{"name":"(anonymous_3)","decl":{"start":{"line":18,"column":24},"end":{"line":18,"column":28}},"loc":{"start":{"line":18,"column":32},"end":{"line":21,"column":5}},"line":18}},"branchMap":{"0":{"loc":{"start":{"line":1,"column":53},"end":{"line":1,"column":77}},"type":"default-arg","locations":[{"start":{"line":1,"column":67},"end":{"line":1,"column":77}}],"line":1},"1":{"loc":{"start":{"line":11,"column":4},"end":{"line":13,"column":5}},"type":"if","locations":[{"start":{"line":11,"column":4},"end":{"line":13,"column":5}},{"start":{},"end":{}}],"line":11},"2":{"loc":{"start":{"line":11,"column":8},"end":{"line":11,"column":47}},"type":"binary-expr","locations":[{"start":{"line":11,"column":8},"end":{"line":11,"column":19}},{"start":{"line":11,"column":23},"end":{"line":11,"column":47}}],"line":11},"3":{"loc":{"start":{"line":17,"column":38},"end":{"line":17,"column":62}},"type":"default-arg","locations":[{"start":{"line":17,"column":52},"end":{"line":17,"column":62}}],"line":17},"4":{"loc":{"start":{"line":20,"column":15},"end":{"line":20,"column":37}},"type":"binary-expr","locations":[{"start":{"line":20,"column":15},"end":{"line":20,"column":24}},{"start":{"line":20,"column":28},"end":{"line":20,"column":37}}],"line":20}},"s":{"0":5,"1":5,"2":5,"3":5,"4":5,"5":5,"6":2,"7":1,"8":1,"9":1,"10":2,"11":2},"f":{"0":5,"1":2,"2":1,"3":2},"b":{"0":[5],"1":[1,1],"2":[2,1],"3":[1],"4":[2,2]},"meta":{"lastBranch":5,"lastFunction":4,"lastStatement":12,"seen":{"f:1:16:1:36":0,"b:1:67:1:77":0,"s:2:21:2:45":0,"s:3:4:3:34":1,"s:4:18:4:39":2,"s:5:4:5:31":3,"s:6:21:6:37":4,"s:7:4:7:55":5,"f:10:16:10:23":1,"b:11:4:13:5:undefined:undefined:undefined:undefined":1,"s:11:4:13:5":6,"b:11:8:11:19:11:23:11:47":2,"s:12:8:12:45":7,"s:14:4:14:51":8,"f:17:16:17:30":2,"b:17:52:17:62":3,"s:18:4:21:7":9,"f:18:24:18:28":3,"s:19:21:19:69":10,"s:20:8:20:38":11,"b:20:15:20:24:20:28:20:37":4}}}
}
